"blank"			"=========================="
"blank"			"#Valve_Movement_Title"
"blank"			"=========================="
"+forward"			"#Valve_Move_Forward"
"+back"				"#Valve_Move_Back"
"+moveleft"			"#Valve_Move_Left"
"+moveright"			"#Valve_Move_Right"
"+jump"				"#Valve_Jump"
"+duck"				"#Valve_Duck"
"blank"			"=========================="
"blank"			"#Valve_Combat_Title"
"blank"			"=========================="
"+attack"			"#Valve_Primary_Attack"
"+attack2"			"#Valve_Secondary_Attack"
"+reload"			"#Valve_Reload_Weapon"
"slot1"				"#Valve_Weapon_Category_1"
"slot2"				"#Valve_Weapon_Category_2"
"invnext"			"#Valve_Next_Weapon"
"invprev"			"#Valve_Previous_Weapon"
"lastinv"			"#Valve_Last_Weapon_Used"
"blank"			"=========================="
"blank"			"#BG2_Specific_Keyboard_Keys_Title"
"blank"			"=========================="
"+walk"             		"#Valve_Walk"
"teammenu"			"#BG2_Select_Team"
"classmenu"			"#BG2_Select_Class"
"commmenu"			"#BG2_CommMenu"
"commmenu2"			"#BG2_CommMenu2"
"battlecry"			"#BG2_Battlecry"
"ironsights" 		"#BG2_Toggle_Ironsight" 
"blank"			"=========================="
"blank"			"#Valve_Communication_Title"
"blank"			"=========================="
"+voicerecord"			"#Valve_Use_Voice_Communication"
"messagemode"			"#Valve_Chat_Message"
"messagemode2"			"#Valve_Team_Message"
"blank"			"=========================="
"blank"			"#Valve_Miscellaneous_Title"
"blank"			"=========================="
"toggleconsole"			"#BG2_Console"
"stopsound"				"#BG2_Stopsound"
"jpeg"				"#Valve_Take_Screen_Shot"
"+showscores"			"#Valve_Display_Scores"
"impulse 201"			"#Valve_Spray_Logo"
"quit"				"#Valve_Quit_Game"
